<?xml version="1.0" encoding="UTF-8"?>
<testsuite xmlns:xsi="http://www.w3.org/2001/XMLSchema-instance" xsi:noNamespaceSchemaLocation="https://maven.apache.org/surefire/maven-surefire-plugin/xsd/surefire-test-report-3.0.xsd" version="3.0" name="com.sample.rest.MyResourceTest" time="0.356" tests="1" errors="0" skipped="0" failures="0">
  <properties>
[...]
</properties>
  <testcase name="testGetIt" classname="com.sample.rest.MyResourceTest" time="0.348">
    <system-err><![CDATA[Mar. 10, 2023 8:19:35 A.M. org.glassfish.jersey.message.internal.MessagingBinders$EnabledProvidersBinder bindToBinder
WARNING: A class jakarta.activation.DataSource for a default provider MessageBodyWriter<jakarta.activation.DataSource> was not found. The provider is not available.
Mar. 10, 2023 8:19:35 A.M. org.glassfish.jersey.server.wadl.WadlFeature configure
WARNING: JAX-B API not found . WADL feature is disabled.
Mar. 10, 2023 8:19:35 A.M. org.glassfish.grizzly.http.server.NetworkListener start
INFO: Started listener bound to [localhost:8080]
Mar. 10, 2023 8:19:35 A.M. org.glassfish.grizzly.http.server.HttpServer start
INFO: [HttpServer] Started.
Mar. 10, 2023 8:19:35 A.M. org.glassfish.grizzly.http.server.NetworkListener shutdownNow
INFO: Stopped listener bound to [localhost:8080]
]]></system-err>
  </testcase>
</testsuite>